<?xml version="1.0" encoding="UTF-8"?>
<!-- Generated by org.testng.reporters.JUnitReportReporter -->
<testsuite skipped="0" hostname="user-PC" name="GmailJob.JobApply" tests="1" failures="0" timestamp="13 Apr 2024 07:03:40 GMT" time="11.234" errors="0">
  <testcase name="jobApply" time="11.234" classname="GmailJob.JobApply"/>
</testsuite> <!-- GmailJob.JobApply -->
