<?xml version="1.0" encoding="UTF-8"?>
<!-- Generated by org.testng.reporters.JUnitReportReporter -->
<testsuite skipped="0" hostname="user-PC" name="captchaAutomate.TestCaptcha" tests="1" failures="0" timestamp="13 Apr 2024 06:40:27 GMT" time="9.988" errors="0">
  <testcase name="captchaAutomate" time="9.988" classname="captchaAutomate.TestCaptcha"/>
</testsuite> <!-- captchaAutomate.TestCaptcha -->
