<?xml version="1.0" encoding="UTF-8"?>
<!-- Generated by org.testng.reporters.JUnitReportReporter -->
<testsuite skipped="0" hostname="user-PC" name="NaukriAuto.dealsdray" tests="1" failures="0" timestamp="14 May 2024 04:35:39 GMT" time="14.821" errors="0">
  <testcase name="prexo" time="14.821" classname="NaukriAuto.dealsdray"/>
</testsuite> <!-- NaukriAuto.dealsdray -->
